commit 519f3d9680126a33c2ff1fa622b3635d28d98558
Author: Joseph Donati <josephdonati@csus.edu>
Date:   Wed Feb 14 22:22:42 2018 -0800

    Cleaned up code, finished Sprint 2, added design document

commit 15e217a42fb0946c09030eb599dd443885440067
Author: Joseph Donati <josephdonati@csus.edu>
Date:   Wed Feb 14 21:08:50 2018 -0800

    Expanded description to allow more detail and include multiple lines of description

commit 807f7cfef6127aef85bb8d58596ade570905be26
Author: Joseph Donati <josephdonati@csus.edu>
Date:   Wed Feb 14 16:47:28 2018 -0800

    Completed Sprint 2 shirt size option, tested and working

commit 2f253efb5e5a651453406db36355392d1965c3d2
Author: Joseph Donati <josephdonati@csus.edu>
Date:   Tue Feb 13 23:02:08 2018 -0800

    Added overall timer to log summary

commit 724333b6a4ba39a452e5320515f515b90ca517ab
Author: Joseph Donati <josephdonati@csus.edu>
Date:   Tue Feb 13 22:28:35 2018 -0800

    Finished cmdSummary method (for all tasks), tested and working. Sprint1 Complete!

commit bfac75a2f8c4a0d173e91cbcd50892a49fa8b151
Author: Joseph Donati <josephdonati@csus.edu>
Date:   Tue Feb 13 21:33:07 2018 -0800

    Added Task class, reworked cmdSummary(log, task). Both tested and working.

commit e374cdd5c4f2336f17270da926765a7b336665ba
Author: Joseph Donati <josephdonati@csus.edu>
Date:   Tue Feb 13 15:06:51 2018 -0800

    Created TaskLogEntry and TimeUtilities class, reworked TaskLog.readFile() to work with TaskLogEntry class instead  of ArrayList

commit f12b4b560de78145be005d83ce7b19bdf59e0651
Author: Joseph Donati <josephdonati@csus.edu>
Date:   Sun Feb 11 22:41:08 2018 -0800

    Uploading a file to play around with git

commit 2b52bbf1b02892a09b7fb32d5a1c22f7babbb63d
Author: Joseph Donati <josephdonati@csus.edu>
Date:   Fri Feb 9 09:18:01 2018 -0800

    Testing commit for first time
